c:\users\tarek\riderprojects\packettracerqueryhook\packettracerqueryhook\x64\release\vc143.pdb
c:\users\tarek\riderprojects\packettracerqueryhook\packettracerqueryhook\x64\release\kiero.obj
c:\users\tarek\riderprojects\packettracerqueryhook\packettracerqueryhook\x64\release\imgui_widgets.obj
c:\users\tarek\riderprojects\packettracerqueryhook\packettracerqueryhook\x64\release\imgui_tables.obj
c:\users\tarek\riderprojects\packettracerqueryhook\packettracerqueryhook\x64\release\imgui_impl_win32.obj
c:\users\tarek\riderprojects\packettracerqueryhook\packettracerqueryhook\x64\release\imgui_impl_opengl2.obj
c:\users\tarek\riderprojects\packettracerqueryhook\packettracerqueryhook\x64\release\imgui_impl_dx11.obj
c:\users\tarek\riderprojects\packettracerqueryhook\packettracerqueryhook\x64\release\imgui_draw.obj
c:\users\tarek\riderprojects\packettracerqueryhook\packettracerqueryhook\x64\release\imgui.obj
c:\users\tarek\riderprojects\packettracerqueryhook\packettracerqueryhook\x64\release\dllmain.obj
c:\users\tarek\riderprojects\packettracerqueryhook\packettracerqueryhook\x64\release\device_overlay.obj
c:\users\tarek\riderprojects\packettracerqueryhook\packettracerqueryhook\x64\release\trampoline.obj
c:\users\tarek\riderprojects\packettracerqueryhook\packettracerqueryhook\x64\release\hook.obj
c:\users\tarek\riderprojects\packettracerqueryhook\packettracerqueryhook\x64\release\hde64.obj
c:\users\tarek\riderprojects\packettracerqueryhook\packettracerqueryhook\x64\release\hde32.obj
c:\users\tarek\riderprojects\packettracerqueryhook\packettracerqueryhook\x64\release\buffer.obj
c:\users\tarek\riderprojects\packettracerqueryhook\packettracerqueryhook\x64\release\packettracerqueryhook.ipdb
c:\users\tarek\riderprojects\packettracerqueryhook\packettracerqueryhook\x64\release\packettracerqueryhook.iobj
c:\users\tarek\riderprojects\packettracerqueryhook\x64\release\packettracerqueryhook.pdb
c:\users\tarek\riderprojects\packettracerqueryhook\x64\release\packettracerqueryhook.dll
c:\users\tarek\riderprojects\packettracerqueryhook\packettracerqueryhook\x64\release\packettr.e3d3c70d.tlog\cl.command.1.tlog
c:\users\tarek\riderprojects\packettracerqueryhook\packettracerqueryhook\x64\release\packettr.e3d3c70d.tlog\cl.items.tlog
c:\users\tarek\riderprojects\packettracerqueryhook\packettracerqueryhook\x64\release\packettr.e3d3c70d.tlog\cl.read.1.tlog
c:\users\tarek\riderprojects\packettracerqueryhook\packettracerqueryhook\x64\release\packettr.e3d3c70d.tlog\cl.write.1.tlog
c:\users\tarek\riderprojects\packettracerqueryhook\packettracerqueryhook\x64\release\packettr.e3d3c70d.tlog\link.command.1.tlog
c:\users\tarek\riderprojects\packettracerqueryhook\packettracerqueryhook\x64\release\packettr.e3d3c70d.tlog\link.read.1.tlog
c:\users\tarek\riderprojects\packettracerqueryhook\packettracerqueryhook\x64\release\packettr.e3d3c70d.tlog\link.secondary.1.tlog
c:\users\tarek\riderprojects\packettracerqueryhook\packettracerqueryhook\x64\release\packettr.e3d3c70d.tlog\link.write.1.tlog
