c:\users\tarek\riderprojects\firefoxoverlay\overlay\x64\release\vc143.pdb
c:\users\tarek\riderprojects\firefoxoverlay\overlay\x64\release\overlay.obj
c:\users\tarek\riderprojects\firefoxoverlay\overlay\x64\release\imgui_widgets.obj
c:\users\tarek\riderprojects\firefoxoverlay\overlay\x64\release\imgui_tables.obj
c:\users\tarek\riderprojects\firefoxoverlay\overlay\x64\release\imgui_impl_win32.obj
c:\users\tarek\riderprojects\firefoxoverlay\overlay\x64\release\imgui_impl_opengl3.obj
c:\users\tarek\riderprojects\firefoxoverlay\overlay\x64\release\imgui_impl_dx11.obj
c:\users\tarek\riderprojects\firefoxoverlay\overlay\x64\release\imgui_draw.obj
c:\users\tarek\riderprojects\firefoxoverlay\overlay\x64\release\imgui.obj
c:\users\tarek\riderprojects\firefoxoverlay\x64\release\overlay.exe
c:\users\tarek\riderprojects\firefoxoverlay\x64\release\overlay.pdb
c:\users\tarek\riderprojects\firefoxoverlay\overlay\x64\release\overlay.ipdb
c:\users\tarek\riderprojects\firefoxoverlay\overlay\x64\release\overlay.iobj
c:\users\tarek\riderprojects\firefoxoverlay\overlay\x64\release\overlay.tlog\cl.command.1.tlog
c:\users\tarek\riderprojects\firefoxoverlay\overlay\x64\release\overlay.tlog\cl.items.tlog
c:\users\tarek\riderprojects\firefoxoverlay\overlay\x64\release\overlay.tlog\cl.read.1.tlog
c:\users\tarek\riderprojects\firefoxoverlay\overlay\x64\release\overlay.tlog\cl.write.1.tlog
c:\users\tarek\riderprojects\firefoxoverlay\overlay\x64\release\overlay.tlog\link.command.1.tlog
c:\users\tarek\riderprojects\firefoxoverlay\overlay\x64\release\overlay.tlog\link.read.1.tlog
c:\users\tarek\riderprojects\firefoxoverlay\overlay\x64\release\overlay.tlog\link.secondary.1.tlog
c:\users\tarek\riderprojects\firefoxoverlay\overlay\x64\release\overlay.tlog\link.write.1.tlog
